<?xml version="1.0" encoding="UTF-8"?>
<!-- Generated by org.testng.reporters.JUnitXMLReporter -->
<testsuite ignored="0" hostname="DESKTOP-9GI7PER" failures="0" tests="4" name="Test" time="7.708" errors="0" timestamp="2023-04-05T19:39:23 IST">
  <testcase classname="TestClass.Get_TC1" name="orchestrator" time="3.612"/>
  <testcase classname="TestClass.Post_TC1" name="orchestrator" time="1.796"/>
  <testcase classname="TestClass.Put_TC1" name="orchestrator" time="1.042"/>
  <testcase classname="TestClass.Patch_TC1" name="orchestrator" time="1.085"/>
</testsuite> <!-- Test -->
