<?xml version="1.0" encoding="UTF-8"?>
<!-- Generated by org.testng.reporters.JUnitXMLReporter -->
<testsuite ignored="0" hostname="DESKTOP-9GI7PER" failures="0" tests="4" name="Test" time="11.748" errors="0" timestamp="2023-04-05T20:45:38 IST">
  <testcase classname="TestClass.Get_TC1" name="orchestrator" time="4.833"/>
  <testcase classname="TestClass.Post_TC1" name="orchestrator" time="4.31"/>
  <testcase classname="TestClass.Put_TC1" name="orchestrator" time="1.079"/>
  <testcase classname="TestClass.Patch_TC1" name="orchestrator" time="1.349"/>
</testsuite> <!-- Test -->
